     1                                  bits 32
     2                                  global start
     3                                  
     4                                  extern exit
     5                                  import exit msvcrt.dll
     6                                  
     7                                  segment data use32 class=data
     8 00000000 61006200                	sir_sursa dw 'a', 'b'
     9                                  	dim_sir equ ($-sir_sursa)/2
    10 00000004 <res 00000004>              sir_dest resw dim_sir
    11                                  
    12                                  segment code use32 class=code
    13                                      start:
    14                                          ;We have a source string of words. Copy this string into another string. We assume we know the length of this string.
    15 00000000 B902000000                      mov ECX, dim_sir ; no of elements in string
    16 00000005 BE[00000000]                    mov ESI, sir_sursa ; load offset sir_sursa in ESI
    17 0000000A BF[04000000]                    mov EDI, sir_dest ; load offset sir_dest in EDI
    18 0000000F FC                              CLD
    19                                          Again:
    20 00000010 66A5                                MOVSW
    21 00000012 E2FC                            LOOP Again
    22                                          
    23                                          ; exit(0)
    24 00000014 6A00                            push    dword 0      ; push the parameter for exit onto the stack
    25 00000016 FF15[00000000]                  call    [exit]       ; call exit to terminate the program
