     1                                  bits 32
     2                                  global start
     3                                  
     4                                  extern exit
     5                                  import exit msvcrt.dll
     6                                  
     7                                  ; a - byte, b - word, c - double word, d - qword - Signed representation
     8                                  ; (b+b)-c-(a+d)
     9                                  
    10                                  segment data use32 class=data
    11 00000000 02                          a db 2
    12 00000001 0A00                        b dw 10
    13 00000003 02000000                    c dd 2
    14 00000007 0400000000000000            d dq 4
    15                                  
    16                                  segment code use32 class=code
    17                                  start:
    18 00000000 66A1[01000000]              mov ax, [b]
    19 00000006 660305[01000000]            add ax, [b]
    20 0000000D 98                          cwde
    21 0000000E 99                          cdq
    22                                      
    23 0000000F 89D1                        mov ecx, edx
    24 00000011 89C3                        mov ebx, eax
    25                                      
    26 00000013 A1[03000000]                mov eax, [c]
    27 00000018 99                          cdq
    28                                      
    29 00000019 29C3                        sub ebx, eax
    30 0000001B 19D1                        sbb ecx, edx
    31                                      
    32 0000001D A0[00000000]                mov al, [a]
    33 00000022 6698                        cbw
    34 00000024 98                          cwde
    35 00000025 99                          cdq
    36                                      
    37 00000026 0305[07000000]              add eax, dword [d]
    38 0000002C 0315[0B000000]              add edx, dword [d+4]
    39                                      
    40 00000032 29C3                        sub ebx, eax
    41 00000034 19D1                        sbb ecx, edx
    42                                      
    43                                      ; exit(0)
    44 00000036 6A00                        push dword 0
    45 00000038 FF15[00000000]              call [exit]
